0 info it worked if it ends with ok
1 verbose cli [ 'C:\\Program Files\\nodejs\\node.exe',
1 verbose cli   'C:\\Program Files\\nodejs\\node_modules\\npm\\bin\\npm-cli.js',
1 verbose cli   'publish' ]
2 info using npm@2.14.7
3 info using node@v4.2.0
4 verbose publish [ '.' ]
5 silly cache add args [ '.', null ]
6 verbose cache add spec .
7 silly cache add parsed spec Result {
7 silly cache add   raw: '.',
7 silly cache add   scope: null,
7 silly cache add   name: null,
7 silly cache add   rawSpec: '.',
7 silly cache add   spec: 'g:\\node.js\\giffo-github\\giffo-config\\config',
7 silly cache add   type: 'directory' }
8 verbose addLocalDirectory C:\Users\giffo\AppData\Roaming\npm-cache\giffo-config\0.0.1\package.tgz not in flight; packing
9 verbose tar pack [ 'C:\\Users\\giffo\\AppData\\Roaming\\npm-cache\\giffo-config\\0.0.1\\package.tgz',
9 verbose tar pack   'g:\\node.js\\giffo-github\\giffo-config\\config' ]
10 verbose tarball C:\Users\giffo\AppData\Roaming\npm-cache\giffo-config\0.0.1\package.tgz
11 verbose folder g:\node.js\giffo-github\giffo-config\config
12 info prepublish giffo-config@0.0.1
13 verbose addLocalTarball adding from inside cache C:\Users\giffo\AppData\Roaming\npm-cache\giffo-config\0.0.1\package.tgz
14 silly cache afterAdd giffo-config@0.0.1
15 verbose afterAdd C:\Users\giffo\AppData\Roaming\npm-cache\giffo-config\0.0.1\package\package.json not in flight; writing
16 verbose afterAdd C:\Users\giffo\AppData\Roaming\npm-cache\giffo-config\0.0.1\package\package.json written
17 silly publish { name: 'giffo-config',
17 silly publish   version: '0.0.1',
17 silly publish   description: 'giffo\'s config method for node.js',
17 silly publish   author: { name: 'giffo', email: 'github@giffo.org' },
17 silly publish   main: 'config.js',
17 silly publish   repository: { type: 'git', url: 'git+https://github.com/giffo/config.git' },
17 silly publish   bugs: { url: 'https://github.com/giffo/config/issues' },
17 silly publish   keywords: [ 'giffo-config', 'config' ],
17 silly publish   license: 'MIT',
17 silly publish   readme: '##giffo-config\r\n\r\n\r\nMy node.js config method, a small module that reads the file and presents a nice object.\r\n\r\n\r\nAfter dealing with the annoyance of xml config files in my java days I wanted the old style of window\'s style key=value, json-based config files just doesn\'t do it for me.\r\n\r\n\r\n\r\n\r\na config file might look like this:\r\n\t\r\n\t# a nice comment\r\n\t// another comment, ever statement on it\'s own line.\r\n\tsession.expire = 45\r\n\tsession.redis.password = "a string password"\r\n\tsession.redis.host = "392.329329.32.323";\r\n\tsuperduper = "awesome"\r\n\ttest.array = hello, this, is a ,test, of, an , array\r\n\ttest.boolean = true\r\n\r\nusage:\r\n\t\r\n\tvar config = require("giffo-config")("default.conf");\r\n\t\r\n\tconfig("session.redis.password"); // returns "a string password"\r\n\tconfig("session"); // returns the session object\r\n\tconfig("session.expire"); // ?todo?returns the number 45 and not a string\r\n\r\n\r\nor get the object entirely in a single fetch:\r\n\r\n\tvar configObj = require("giffo-config")("config-test-file.conf")(); \r\n\r\n\tconsole.log(configObj.session.store);\r\n\r\n\r\nor a more traditional presentable/verbose method (not writing require("giffo-config")) if using more than a single config file etc.\r\n\r\n\tvar Config = require("giffo-config");\r\n\t\r\n\tvar appConfig = new Config("app.conf");\r\n\tvar serverConfig = new Config("server.conf");\r\n\r\n\tvar favColor = appConfig("favcolor");\r\n\tvar serverTimeouts = serverConfig("timeout");\r\n\r\n*this module a read only, there is no mechanism to save changes to the config file to disk.* \r\n\r\n\r\nnumber, boolean and array data-types are converted from the string to their relevant type. putting quotes around a value does not convert.\r\n\r\nexample:\r\n\tserver.port = "4532"\r\n\r\nresults in 4532 in the string datatype\r\n\r\n\tserver.port = 4223\r\nresults in a number datatype\r\n\r\n---\r\n\r\n\r\nthis would cause an error, password attempted to access it as an object when it was initially assigned as a string.\r\n\r\n\tpassword = "hello"\r\n\tpassword.saltlen = 24\r\n\tpassword.keylen = 40\r\n\tpassword.iterations = 4000\r\n',
17 silly publish   readmeFilename: 'readme.md',
17 silly publish   gitHead: 'bbd07af1ff5a97edb543fa2df5d5d8707dc30a01',
17 silly publish   homepage: 'https://github.com/giffo/config#readme',
17 silly publish   _id: 'giffo-config@0.0.1',
17 silly publish   scripts: {},
17 silly publish   _shasum: '95aa1a4e8a60262c09d2bf89982b30742f29b961',
17 silly publish   _from: '.' }
18 verbose getPublishConfig undefined
19 silly mapToRegistry name giffo-config
20 silly mapToRegistry using default registry
21 silly mapToRegistry registry https://registry.npmjs.org/
22 silly mapToRegistry uri https://registry.npmjs.org/giffo-config
23 verbose publish registryBase https://registry.npmjs.org/
24 silly publish uploading C:\Users\giffo\AppData\Roaming\npm-cache\giffo-config\0.0.1\package.tgz
25 verbose request uri https://registry.npmjs.org/giffo-config
26 verbose request sending authorization for write operation
27 info attempt registry request try #1 at 11:52:24 AM
28 verbose request using bearer token for auth
29 verbose request id 5de71c7afea281b2
30 http request PUT https://registry.npmjs.org/giffo-config
31 http 403 https://registry.npmjs.org/giffo-config
32 verbose headers { 'content-type': 'application/json',
32 verbose headers   'cache-control': 'max-age=60',
32 verbose headers   'content-length': '95',
32 verbose headers   'accept-ranges': 'bytes',
32 verbose headers   date: 'Thu, 29 Oct 2015 11:52:16 GMT',
32 verbose headers   via: '1.1 varnish',
32 verbose headers   connection: 'keep-alive',
32 verbose headers   'x-served-by': 'cache-lhr6324-LHR',
32 verbose headers   'x-cache': 'MISS',
32 verbose headers   'x-cache-hits': '0',
32 verbose headers   'x-timer': 'S1446119535.554980,VS0,VE1017' }
33 verbose request invalidating C:\Users\giffo\AppData\Roaming\npm-cache\registry.npmjs.org\giffo-config on PUT
34 error publish Failed PUT 403
35 verbose stack Error: "You cannot publish over the previously published version 0.0.1." : giffo-config
35 verbose stack     at makeError (C:\Program Files\nodejs\node_modules\npm\node_modules\npm-registry-client\lib\request.js:264:12)
35 verbose stack     at CachingRegistryClient.<anonymous> (C:\Program Files\nodejs\node_modules\npm\node_modules\npm-registry-client\lib\request.js:252:14)
35 verbose stack     at Request._callback (C:\Program Files\nodejs\node_modules\npm\node_modules\npm-registry-client\lib\request.js:172:14)
35 verbose stack     at Request.self.callback (C:\Program Files\nodejs\node_modules\npm\node_modules\request\request.js:198:22)
35 verbose stack     at emitTwo (events.js:87:13)
35 verbose stack     at Request.emit (events.js:172:7)
35 verbose stack     at Request.<anonymous> (C:\Program Files\nodejs\node_modules\npm\node_modules\request\request.js:1063:14)
35 verbose stack     at emitOne (events.js:82:20)
35 verbose stack     at Request.emit (events.js:169:7)
35 verbose stack     at IncomingMessage.<anonymous> (C:\Program Files\nodejs\node_modules\npm\node_modules\request\request.js:1009:12)
36 verbose statusCode 403
37 verbose pkgid giffo-config
38 verbose cwd g:\node.js\giffo-github\giffo-config\config
39 error Windows_NT 6.1.7601
40 error argv "C:\\Program Files\\nodejs\\node.exe" "C:\\Program Files\\nodejs\\node_modules\\npm\\bin\\npm-cli.js" "publish"
41 error node v4.2.0
42 error npm  v2.14.7
43 error code E403
44 error "You cannot publish over the previously published version 0.0.1." : giffo-config
45 error If you need help, you may report this error at:
45 error     <https://github.com/npm/npm/issues>
46 verbose exit [ 1, true ]
